<?xml version="1.0" encoding="UTF-8"?>
<testng-results ignored="0" total="2" passed="2" failed="0" skipped="0">
  <reporter-output>
  </reporter-output>
  <suite started-at="2023-07-19T16:54:16Z" name="Default suite" finished-at="2023-07-19T16:54:18Z" duration-ms="2466">
    <groups>
    </groups>
    <test started-at="2023-07-19T16:54:16Z" name="Default test" finished-at="2023-07-19T16:54:18Z" duration-ms="2466">
      <class name="restAPIXML.XMLTest">
        <test-method signature="test1()[pri:0, instance:restAPIXML.XMLTest@2141a12]" started-at="2023-07-19T16:54:16Z" name="test1" finished-at="2023-07-19T16:54:17Z" duration-ms="1552" status="PASS">
          <reporter-output>
          </reporter-output>
        </test-method> <!-- test1 -->
        <test-method signature="test2()[pri:0, instance:restAPIXML.XMLTest@2141a12]" started-at="2023-07-19T16:54:17Z" name="test2" finished-at="2023-07-19T16:54:18Z" duration-ms="900" status="PASS">
          <reporter-output>
          </reporter-output>
        </test-method> <!-- test2 -->
      </class> <!-- restAPIXML.XMLTest -->
    </test> <!-- Default test -->
  </suite> <!-- Default suite -->
</testng-results>
